[debug] [2026-03-19T05:44:15.609Z] ----------------------------------------------------------------------
[debug] [2026-03-19T05:44:15.613Z] Command:       C:\Program Files\nodejs\node.exe C:\Users\User\AppData\Roaming\npm\node_modules\firebase-tools\lib\bin\firebase.js deploy --only firestore
[debug] [2026-03-19T05:44:15.613Z] CLI Version:   15.10.1
[debug] [2026-03-19T05:44:15.613Z] Platform:      win32
[debug] [2026-03-19T05:44:15.614Z] Node Version:  v24.12.0
[debug] [2026-03-19T05:44:15.614Z] Time:          Thu Mar 19 2026 00:44:15 GMT-0500 (hora estándar de Perú)
[debug] [2026-03-19T05:44:15.614Z] ----------------------------------------------------------------------
[debug] 
[debug] [2026-03-19T05:44:18.105Z] > command requires scopes: ["email","openid","https://www.googleapis.com/auth/cloudplatformprojects.readonly","https://www.googleapis.com/auth/firebase","https://www.googleapis.com/auth/cloud-platform"]
[debug] [2026-03-19T05:44:18.105Z] > authorizing via signed-in user (gsinuiri@gmail.com)
[debug] [2026-03-19T05:44:18.105Z] [iam] checking project ayrsteel-2026 for permissions ["datastore.indexes.create","datastore.indexes.delete","datastore.indexes.list","datastore.indexes.update","firebase.projects.get"]
[debug] [2026-03-19T05:44:18.107Z] Checked if tokens are valid: true, expires at: 1773901331331
[debug] [2026-03-19T05:44:18.107Z] Checked if tokens are valid: true, expires at: 1773901331331
[debug] [2026-03-19T05:44:18.108Z] >>> [apiv2][query] POST https://cloudresourcemanager.googleapis.com/v1/projects/ayrsteel-2026:testIamPermissions [none]
[debug] [2026-03-19T05:44:18.108Z] >>> [apiv2][(partial)header] POST https://cloudresourcemanager.googleapis.com/v1/projects/ayrsteel-2026:testIamPermissions  x-goog-user-project=ayrsteel-2026
[debug] [2026-03-19T05:44:18.108Z] >>> [apiv2][body] POST https://cloudresourcemanager.googleapis.com/v1/projects/ayrsteel-2026:testIamPermissions {"permissions":["datastore.indexes.create","datastore.indexes.delete","datastore.indexes.list","datastore.indexes.update","firebase.projects.get"]}
[debug] [2026-03-19T05:44:26.790Z] <<< [apiv2][status] POST https://cloudresourcemanager.googleapis.com/v1/projects/ayrsteel-2026:testIamPermissions 200
[debug] [2026-03-19T05:44:26.791Z] <<< [apiv2][body] POST https://cloudresourcemanager.googleapis.com/v1/projects/ayrsteel-2026:testIamPermissions {"permissions":["datastore.indexes.create","datastore.indexes.delete","datastore.indexes.list","datastore.indexes.update","firebase.projects.get"]}
[info] 
[info] === Deploying to 'ayrsteel-2026'...
[info] 
[info] i  deploying firestore 
[info] i  firestore: ensuring required API firestore.googleapis.com is enabled... 
[info] i  firestore: ensuring required API firestore.googleapis.com is enabled... 
[debug] [2026-03-19T05:44:26.796Z] Checked if tokens are valid: true, expires at: 1773901331331
[debug] [2026-03-19T05:44:26.796Z] Checked if tokens are valid: true, expires at: 1773901331331
[debug] [2026-03-19T05:44:26.796Z] >>> [apiv2][query] GET https://firestore.googleapis.com/v1/projects/ayrsteel-2026/databases/(default) [none]
[debug] [2026-03-19T05:44:31.725Z] <<< [apiv2][status] GET https://firestore.googleapis.com/v1/projects/ayrsteel-2026/databases/(default) 200
[debug] [2026-03-19T05:44:31.725Z] <<< [apiv2][body] GET https://firestore.googleapis.com/v1/projects/ayrsteel-2026/databases/(default) {"name":"projects/ayrsteel-2026/databases/(default)","uid":"1eb3fefc-bde0-4db9-94ae-6359866af46a","createTime":"2025-12-31T06:01:22.827817Z","updateTime":"2025-12-31T06:01:22.827817Z","locationId":"nam5","type":"FIRESTORE_NATIVE","concurrencyMode":"PESSIMISTIC","versionRetentionPeriod":"3600s","earliestVersionTime":"2026-03-19T04:44:31.527797Z","appEngineIntegrationMode":"DISABLED","keyPrefix":"s","pointInTimeRecoveryEnablement":"POINT_IN_TIME_RECOVERY_DISABLED","deleteProtectionState":"DELETE_PROTECTION_DISABLED","databaseEdition":"STANDARD","freeTier":true,"realtimeUpdatesMode":"REALTIME_UPDATES_MODE_ENABLED","etag":"IPSxmoChq5MDMMvd3urbqJMD"}
[info] i  firestore: reading indexes from firestore.indexes.json... 
[info] i  cloud.firestore: checking firestore.rules for compilation errors... 
[debug] [2026-03-19T05:44:31.727Z] Checked if tokens are valid: true, expires at: 1773901331331
[debug] [2026-03-19T05:44:31.727Z] Checked if tokens are valid: true, expires at: 1773901331331
[debug] [2026-03-19T05:44:31.727Z] >>> [apiv2][query] POST https://firebaserules.googleapis.com/v1/projects/ayrsteel-2026:test [none]
[debug] [2026-03-19T05:44:31.727Z] >>> [apiv2][body] POST https://firebaserules.googleapis.com/v1/projects/ayrsteel-2026:test [omitted]
[debug] [2026-03-19T05:44:38.642Z] <<< [apiv2][status] POST https://firebaserules.googleapis.com/v1/projects/ayrsteel-2026:test 200
[debug] [2026-03-19T05:44:38.642Z] <<< [apiv2][body] POST https://firebaserules.googleapis.com/v1/projects/ayrsteel-2026:test {}
[info] +  cloud.firestore: rules file firestore.rules compiled successfully 
[debug] [2026-03-19T05:44:38.643Z] Checked if tokens are valid: true, expires at: 1773901331331
[debug] [2026-03-19T05:44:38.643Z] Checked if tokens are valid: true, expires at: 1773901331331
[debug] [2026-03-19T05:44:38.644Z] >>> [apiv2][query] GET https://firebaserules.googleapis.com/v1/projects/ayrsteel-2026/releases pageSize=10&pageToken=
[debug] [2026-03-19T05:44:40.272Z] <<< [apiv2][status] GET https://firebaserules.googleapis.com/v1/projects/ayrsteel-2026/releases 200
[debug] [2026-03-19T05:44:40.272Z] <<< [apiv2][body] GET https://firebaserules.googleapis.com/v1/projects/ayrsteel-2026/releases {"releases":[{"name":"projects/ayrsteel-2026/releases/cloud.firestore","rulesetName":"projects/ayrsteel-2026/rulesets/c33c5b48-99f4-4a73-bfd3-99a81c461131","createTime":"2025-12-31T06:01:30.486770Z","updateTime":"2026-03-19T05:23:01.479274Z"},{"name":"projects/ayrsteel-2026/releases/firebase.storage/ayrsteel-2026.firebasestorage.app","rulesetName":"projects/ayrsteel-2026/rulesets/2f178b9c-b3a2-4db5-b24a-d18dbc41b02e","createTime":"2025-12-31T06:02:18.354917Z","updateTime":"2025-12-31T06:02:18.354917Z"}]}
[debug] [2026-03-19T05:44:40.285Z] Checked if tokens are valid: true, expires at: 1773901331331
[debug] [2026-03-19T05:44:40.285Z] Checked if tokens are valid: true, expires at: 1773901331331
[debug] [2026-03-19T05:44:40.285Z] >>> [apiv2][query] GET https://firebaserules.googleapis.com/v1/projects/ayrsteel-2026/rulesets/c33c5b48-99f4-4a73-bfd3-99a81c461131 [none]
[debug] [2026-03-19T05:44:41.144Z] <<< [apiv2][status] GET https://firebaserules.googleapis.com/v1/projects/ayrsteel-2026/rulesets/c33c5b48-99f4-4a73-bfd3-99a81c461131 200
[debug] [2026-03-19T05:44:41.145Z] <<< [apiv2][body] GET https://firebaserules.googleapis.com/v1/projects/ayrsteel-2026/rulesets/c33c5b48-99f4-4a73-bfd3-99a81c461131 [omitted]
[info] i  firestore: uploading rules firestore.rules... 
[debug] [2026-03-19T05:44:41.146Z] Checked if tokens are valid: true, expires at: 1773901331331
[debug] [2026-03-19T05:44:41.146Z] Checked if tokens are valid: true, expires at: 1773901331331
[debug] [2026-03-19T05:44:41.146Z] >>> [apiv2][query] POST https://firebaserules.googleapis.com/v1/projects/ayrsteel-2026/rulesets [none]
[debug] [2026-03-19T05:44:41.146Z] >>> [apiv2][body] POST https://firebaserules.googleapis.com/v1/projects/ayrsteel-2026/rulesets [omitted]
[debug] [2026-03-19T05:44:45.207Z] <<< [apiv2][status] POST https://firebaserules.googleapis.com/v1/projects/ayrsteel-2026/rulesets 200
[debug] [2026-03-19T05:44:45.207Z] <<< [apiv2][body] POST https://firebaserules.googleapis.com/v1/projects/ayrsteel-2026/rulesets {"name":"projects/ayrsteel-2026/rulesets/1813f3a6-66fa-4912-8525-f733ac9866b8","source":{"files":[{"content":"rules_version = '2';\nservice cloud.firestore {\n  match /databases/{database}/documents {\n    // Regla para la colección de usuarios\n    match /users/{userId} {\n      allow read: if request.auth != null;\n      allow write: if request.auth != null && request.auth.uid == userId;\n    }\n    \n    // Regla para el resto de las colecciones (coils, sales, etc.)\n    match /{document=**} {\n      allow read, write: if request.auth != null;\n    }\n  }\n}","name":"firestore.rules"}]},"createTime":"2026-03-19T05:44:44.953759Z","metadata":{"services":["cloud.firestore"]}}
[debug] [2026-03-19T05:44:45.207Z] [rules] created ruleset projects/ayrsteel-2026/rulesets/1813f3a6-66fa-4912-8525-f733ac9866b8
[info] i  firestore: deploying indexes... 
[debug] [2026-03-19T05:44:45.208Z] Checked if tokens are valid: true, expires at: 1773901331331
[debug] [2026-03-19T05:44:45.208Z] Checked if tokens are valid: true, expires at: 1773901331331
[debug] [2026-03-19T05:44:45.208Z] >>> [apiv2][query] GET https://firestore.googleapis.com/v1/projects/ayrsteel-2026/databases/(default)/collectionGroups/-/indexes [none]
[debug] [2026-03-19T05:44:47.516Z] <<< [apiv2][status] GET https://firestore.googleapis.com/v1/projects/ayrsteel-2026/databases/(default)/collectionGroups/-/indexes 200
[debug] [2026-03-19T05:44:47.517Z] <<< [apiv2][body] GET https://firestore.googleapis.com/v1/projects/ayrsteel-2026/databases/(default)/collectionGroups/-/indexes {}
[debug] [2026-03-19T05:44:47.517Z] Checked if tokens are valid: true, expires at: 1773901331331
[debug] [2026-03-19T05:44:47.517Z] Checked if tokens are valid: true, expires at: 1773901331331
[debug] [2026-03-19T05:44:47.517Z] >>> [apiv2][query] GET https://firestore.googleapis.com/v1/projects/ayrsteel-2026/databases/(default)/collectionGroups/-/fields?filter=indexConfig.usesAncestorConfig=false OR ttlConfig:* [none]
[debug] [2026-03-19T05:44:48.085Z] <<< [apiv2][status] GET https://firestore.googleapis.com/v1/projects/ayrsteel-2026/databases/(default)/collectionGroups/-/fields?filter=indexConfig.usesAncestorConfig=false OR ttlConfig:* 200
[debug] [2026-03-19T05:44:48.085Z] <<< [apiv2][body] GET https://firestore.googleapis.com/v1/projects/ayrsteel-2026/databases/(default)/collectionGroups/-/fields?filter=indexConfig.usesAncestorConfig=false OR ttlConfig:* {"fields":[{"name":"projects/ayrsteel-2026/databases/(default)/collectionGroups/__default__/fields/*","indexConfig":{"indexes":[{"queryScope":"COLLECTION","fields":[{"fieldPath":"*","order":"ASCENDING"}],"state":"READY"},{"queryScope":"COLLECTION","fields":[{"fieldPath":"*","order":"DESCENDING"}],"state":"READY"},{"queryScope":"COLLECTION","fields":[{"fieldPath":"*","arrayConfig":"CONTAINS"}],"state":"READY"}]}}]}
[debug] [2026-03-19T05:44:48.086Z] Checked if tokens are valid: true, expires at: 1773901331331
[debug] [2026-03-19T05:44:48.086Z] Checked if tokens are valid: true, expires at: 1773901331331
[debug] [2026-03-19T05:44:48.086Z] >>> [apiv2][query] GET https://firestore.googleapis.com/v1/projects/ayrsteel-2026/databases/(default) [none]
[debug] [2026-03-19T05:44:49.264Z] <<< [apiv2][status] GET https://firestore.googleapis.com/v1/projects/ayrsteel-2026/databases/(default) 200
[debug] [2026-03-19T05:44:49.265Z] <<< [apiv2][body] GET https://firestore.googleapis.com/v1/projects/ayrsteel-2026/databases/(default) {"name":"projects/ayrsteel-2026/databases/(default)","uid":"1eb3fefc-bde0-4db9-94ae-6359866af46a","createTime":"2025-12-31T06:01:22.827817Z","updateTime":"2025-12-31T06:01:22.827817Z","locationId":"nam5","type":"FIRESTORE_NATIVE","concurrencyMode":"PESSIMISTIC","versionRetentionPeriod":"3600s","earliestVersionTime":"2026-03-19T04:44:49.066168Z","appEngineIntegrationMode":"DISABLED","keyPrefix":"s","pointInTimeRecoveryEnablement":"POINT_IN_TIME_RECOVERY_DISABLED","deleteProtectionState":"DELETE_PROTECTION_DISABLED","databaseEdition":"STANDARD","freeTier":true,"realtimeUpdatesMode":"REALTIME_UPDATES_MODE_ENABLED","etag":"IPTqyIihq5MDMMvd3urbqJMD"}
[info] +  firestore: deployed indexes in firestore.indexes.json successfully for (default) database 
[debug] [2026-03-19T05:44:49.265Z] [rules] releasing cloud.firestore/(default) with ruleset projects/ayrsteel-2026/rulesets/1813f3a6-66fa-4912-8525-f733ac9866b8
[debug] [2026-03-19T05:44:49.265Z] Checked if tokens are valid: true, expires at: 1773901331331
[debug] [2026-03-19T05:44:49.265Z] Checked if tokens are valid: true, expires at: 1773901331331
[debug] [2026-03-19T05:44:49.266Z] >>> [apiv2][query] PATCH https://firebaserules.googleapis.com/v1/projects/ayrsteel-2026/releases/cloud.firestore/(default) [none]
[debug] [2026-03-19T05:44:49.266Z] >>> [apiv2][body] PATCH https://firebaserules.googleapis.com/v1/projects/ayrsteel-2026/releases/cloud.firestore/(default) {"release":{"name":"projects/ayrsteel-2026/releases/cloud.firestore/(default)","rulesetName":"projects/ayrsteel-2026/rulesets/1813f3a6-66fa-4912-8525-f733ac9866b8"}}
[debug] [2026-03-19T05:44:52.311Z] <<< [apiv2][status] PATCH https://firebaserules.googleapis.com/v1/projects/ayrsteel-2026/releases/cloud.firestore/(default) 200
[debug] [2026-03-19T05:44:52.311Z] <<< [apiv2][body] PATCH https://firebaserules.googleapis.com/v1/projects/ayrsteel-2026/releases/cloud.firestore/(default) {"name":"projects/ayrsteel-2026/releases/cloud.firestore","rulesetName":"projects/ayrsteel-2026/rulesets/1813f3a6-66fa-4912-8525-f733ac9866b8","createTime":"2025-12-31T06:01:30.486770Z","updateTime":"2026-03-19T05:44:52.046291Z"}
[debug] [2026-03-19T05:44:52.311Z] [rules] updated release projects/ayrsteel-2026/releases/cloud.firestore
[info] +  firestore: released rules firestore.rules to cloud.firestore 
[info] 
[info] +  Deploy complete! 
[info] 
[info] Project Console: https://console.firebase.google.com/project/ayrsteel-2026/overview
[debug] [2026-03-19T05:44:59.978Z] Error: Timed out.
    at Timeout.<anonymous> (C:\Users\User\AppData\Roaming\npm\node_modules\firebase-tools\lib\utils.js:308:49)
    at listOnTimeout (node:internal/timers:605:17)
    at process.processTimers (node:internal/timers:541:7)
[error] 
[error] Error: An unexpected error has occurred.
